# JRE version: Java(TM) SE Runtime Environment (11.0.5+10) (build 11.0.5+10-LTS)
# Java VM: Java HotSpot(TM) 64-Bit Server VM (11.0.5+10-LTS, mixed mode, tiered, compressed oops, g1 gc, windows-amd64)
Heap:
 garbage-first heap   total 131072K, used 32304K [0x0000000080e00000, 0x0000000100000000)
  region size 1024K, 26 young (26624K), 4 survivors (4096K)
 Metaspace       used 16719K, capacity 17184K, committed 17280K, reserved 1064960K
  class space    used 1871K, capacity 2084K, committed 2176K, reserved 1048576K
GC Heap History (10 events):
Event: 5.831 GC heap before
{Heap before GC invocations=1 (full 0):
 garbage-first heap   total 131072K, used 85827K [0x0000000080e00000, 0x0000000100000000)
  region size 1024K, 76 young (77824K), 3 survivors (3072K)
 Metaspace       used 15689K, capacity 16153K, committed 16384K, reserved 1062912K
  class space    used 1752K, capacity 1954K, committed 2048K, reserved 1048576K
}
Event: 5.834 GC heap after
{Heap after GC invocations=2 (full 0):
 garbage-first heap   total 131072K, used 10737K [0x0000000080e00000, 0x0000000100000000)
  region size 1024K, 4 young (4096K), 4 survivors (4096K)
 Metaspace       used 15689K, capacity 16153K, committed 16384K, reserved 1062912K
  class space    used 1752K, capacity 1954K, committed 2048K, reserved 1048576K
}
Event: 8.009 GC heap before
{Heap before GC invocations=2 (full 0):
 garbage-first heap   total 131072K, used 84465K [0x0000000080e00000, 0x0000000100000000)
  region size 1024K, 76 young (77824K), 4 survivors (4096K)
 Metaspace       used 15691K, capacity 16153K, committed 16384K, reserved 1062912K
  class space    used 1752K, capacity 1954K, committed 2048K, reserved 1048576K
}
Event: 8.012 GC heap after
{Heap after GC invocations=3 (full 0):
 garbage-first heap   total 131072K, used 10845K [0x0000000080e00000, 0x0000000100000000)
  region size 1024K, 4 young (4096K), 4 survivors (4096K)
 Metaspace       used 15691K, capacity 16153K, committed 16384K, reserved 1062912K
  class space    used 1752K, capacity 1954K, committed 2048K, reserved 1048576K
}
Event: 10.087 GC heap before
{Heap before GC invocations=3 (full 0):
 garbage-first heap   total 131072K, used 84573K [0x0000000080e00000, 0x0000000100000000)
  region size 1024K, 76 young (77824K), 4 survivors (4096K)
 Metaspace       used 15691K, capacity 16153K, committed 16384K, reserved 1062912K
  class space    used 1752K, capacity 1954K, committed 2048K, reserved 1048576K
}
Event: 10.090 GC heap after
{Heap after GC invocations=4 (full 0):
 garbage-first heap   total 131072K, used 10725K [0x0000000080e00000, 0x0000000100000000)
  region size 1024K, 4 young (4096K), 4 survivors (4096K)
 Metaspace       used 15691K, capacity 16153K, committed 16384K, reserved 1062912K
  class space    used 1752K, capacity 1954K, committed 2048K, reserved 1048576K
}
Event: 12.211 GC heap before
{Heap before GC invocations=4 (full 0):
 garbage-first heap   total 131072K, used 84453K [0x0000000080e00000, 0x0000000100000000)
  region size 1024K, 76 young (77824K), 4 survivors (4096K)
 Metaspace       used 15691K, capacity 16153K, committed 16384K, reserved 1062912K
  class space    used 1752K, capacity 1954K, committed 2048K, reserved 1048576K
}
Event: 12.213 GC heap after
{Heap after GC invocations=5 (full 0):
 garbage-first heap   total 131072K, used 10894K [0x0000000080e00000, 0x0000000100000000)
  region size 1024K, 4 young (4096K), 4 survivors (4096K)
 Metaspace       used 15691K, capacity 16153K, committed 16384K, reserved 1062912K
  class space    used 1752K, capacity 1954K, committed 2048K, reserved 1048576K
}
Event: 14.331 GC heap before
{Heap before GC invocations=5 (full 0):
 garbage-first heap   total 131072K, used 84622K [0x0000000080e00000, 0x0000000100000000)
  region size 1024K, 76 young (77824K), 4 survivors (4096K)
 Metaspace       used 15692K, capacity 16153K, committed 16384K, reserved 1062912K
  class space    used 1752K, capacity 1954K, committed 2048K, reserved 1048576K
}
Event: 14.334 GC heap after
{Heap after GC invocations=6 (full 0):
 garbage-first heap   total 131072K, used 10800K [0x0000000080e00000, 0x0000000100000000)
  region size 1024K, 4 young (4096K), 4 survivors (4096K)
 Metaspace       used 15692K, capacity 16153K, committed 16384K, reserved 1062912K
  class space    used 1752K, capacity 1954K, committed 2048K, reserved 1048576K
}

